2024-05-16 09:48:41 I [ENGINE]         : url  : https://stage.deepgrid.eneida.io/api/v3/devices/ingrid/HarfpWD6x3nGlmg97FEGksouT4LFShnI/statefield
2024-05-16 09:50:10 I [ENGINE]         : url  : https://stage.deepgrid.eneida.io/api/v3/devices/ingrid/HarfpWD6x3nGlmg97FEGksouT4LFShnI/statefield
2024-05-16 09:50:10 I [ENGINE]         : resp : (200) {"general":{"value":{"isCommissioned":true,"deviceSerial":"SS9220000222222","deviceToken":"HarfpWD6x3nGlmg97FEGksouT4LFShnI","bt_timeout":5,"is_bt_enabled":false,"acquisition_interval":10,"send_interval":10,"config_interval":5,"firmware_interval":5,"equipment_id":75,"config_ts":"2024-05-16T09:49:04.512607Z"}}}SHA256:3B74E4993C607F2097D77410E6BF2F9F30DC46D9262203399B67B562A6EBA6AA
2024-05-16 09:55:10 I [ENGINE]         : url  : https://stage.deepgrid.eneida.io/api/v3/devices/ingrid/HarfpWD6x3nGlmg97FEGksouT4LFShnI/statefield
2024-05-16 09:55:10 I [ENGINE]         : body : {"config_ts":"2024-05-16T09:49:04.512607Z"}
2024-05-16 09:55:11 I [ENGINE]         : resp : (200) {"general":{"value":{"isCommissioned":true,"deviceSerial":"SS9220000222222","deviceToken":"HarfpWD6x3nGlmg97FEGksouT4LFShnI","bt_timeout":5,"is_bt_enabled":false,"acquisition_interval":10,"send_interval":10,"config_interval":5,"firmware_interval":5,"equipment_id":75,"config_ts":"2024-05-16T09:49:04.512607Z"}}}SHA256:3B74E4993C607F2097D77410E6BF2F9F30DC46D9262203399B67B562A6EBA6AA
2024-05-16 10:00:10 I [ENGINE]         : url  : https://stage.deepgrid.eneida.io/api/v3/devices/ingrid/HarfpWD6x3nGlmg97FEGksouT4LFShnI/statefield
2024-05-16 10:00:10 I [ENGINE]         : body : {"config_ts":"2024-05-16T09:49:04.512607Z"}
2024-05-16 10:00:16 I [ENGINE]         : resp : (200) {"general":{"value":{"isCommissioned":true,"deviceSerial":"SS9220000222222","deviceToken":"HarfpWD6x3nGlmg97FEGksouT4LFShnI","bt_timeout":5,"is_bt_enabled":false,"acquisition_interval":10,"send_interval":10,"config_interval":5,"firmware_interval":5,"equipment_id":75,"config_ts":"2024-05-16T09:49:04.512607Z"}}}SHA256:3B74E4993C607F2097D77410E6BF2F9F30DC46D9262203399B67B562A6EBA6AA
2024-05-16 10:42:30 I [ENGINE]         : url  : https://stage.deepgrid.eneida.io/api/v3/devices/ingrid/HarfpWD6x3nGlmg97FEGksouT4LFShnI/statefield
2024-05-16 10:54:23 I [ENGINE]         : url  : https://stage.deepgrid.eneida.io/api/v3/devices/ingrid/HarfpWD6x3nGlmg97FEGksouT4LFShnI/statefield
2024-05-16 10:55:10 I [ENGINE]         : url  : https://stage.deepgrid.eneida.io/api/v3/devices/ingrid/HarfpWD6x3nGlmg97FEGksouT4LFShnI/statefield
2024-05-16 10:55:11 I [ENGINE]         : resp : (200) {"general":{"value":{"isCommissioned":true,"deviceSerial":"SS9220000222222","deviceToken":"HarfpWD6x3nGlmg97FEGksouT4LFShnI","bt_timeout":5,"is_bt_enabled":false,"acquisition_interval":15,"send_interval":15,"config_interval":5,"firmware_interval":5,"equipment_id":75,"config_ts":"2024-05-16T10:54:50.417253Z"}}}SHA256:882B9B31D061F705BF2C269667F8036B0199E113A44A2D401EC2E50DF392E62A
2024-05-16 11:00:10 I [ENGINE]         : url  : https://stage.deepgrid.eneida.io/api/v3/devices/ingrid/HarfpWD6x3nGlmg97FEGksouT4LFShnI/statefield
2024-05-16 11:00:10 I [ENGINE]         : body : {"config_ts":"2024-05-16T10:54:50.417253Z"}
2024-05-16 11:00:11 I [ENGINE]         : resp : (200) {"general":{"value":{"isCommissioned":true,"deviceSerial":"SS9220000222222","deviceToken":"HarfpWD6x3nGlmg97FEGksouT4LFShnI","bt_timeout":5,"is_bt_enabled":false,"acquisition_interval":15,"send_interval":15,"config_interval":5,"firmware_interval":5,"equipment_id":75,"config_ts":"2024-05-16T10:54:50.417253Z"}}}SHA256:882B9B31D061F705BF2C269667F8036B0199E113A44A2D401EC2E50DF392E62A
2024-05-16 11:05:10 I [ENGINE]         : url  : https://stage.deepgrid.eneida.io/api/v3/devices/ingrid/HarfpWD6x3nGlmg97FEGksouT4LFShnI/statefield
2024-05-16 11:05:10 I [ENGINE]         : body : {"config_ts":"2024-05-16T10:54:50.417253Z"}
2024-05-16 11:05:10 I [ENGINE]         : resp : (200) {"general":{"value":{"isCommissioned":true,"deviceSerial":"SS9220000222222","deviceToken":"HarfpWD6x3nGlmg97FEGksouT4LFShnI","bt_timeout":5,"is_bt_enabled":false,"acquisition_interval":15,"send_interval":15,"config_interval":5,"firmware_interval":5,"equipment_id":75,"config_ts":"2024-05-16T10:54:50.417253Z"}}}SHA256:882B9B31D061F705BF2C269667F8036B0199E113A44A2D401EC2E50DF392E62A
2024-05-16 11:10:10 I [ENGINE]         : url  : https://stage.deepgrid.eneida.io/api/v3/devices/ingrid/HarfpWD6x3nGlmg97FEGksouT4LFShnI/statefield
2024-05-16 11:10:10 I [ENGINE]         : body : {"config_ts":"2024-05-16T10:54:50.417253Z"}
2024-05-16 11:10:11 I [ENGINE]         : resp : (200) {"general":{"value":{"isCommissioned":true,"deviceSerial":"SS9220000222222","deviceToken":"HarfpWD6x3nGlmg97FEGksouT4LFShnI","bt_timeout":5,"is_bt_enabled":false,"acquisition_interval":15,"send_interval":15,"config_interval":5,"firmware_interval":5,"equipment_id":75,"config_ts":"2024-05-16T10:54:50.417253Z"}}}SHA256:882B9B31D061F705BF2C269667F8036B0199E113A44A2D401EC2E50DF392E62A
2024-05-16 11:15:10 I [ENGINE]         : url  : https://stage.deepgrid.eneida.io/api/v3/devices/ingrid/HarfpWD6x3nGlmg97FEGksouT4LFShnI/statefield
2024-05-16 11:15:10 I [ENGINE]         : body : {"config_ts":"2024-05-16T10:54:50.417253Z"}
2024-05-16 11:15:11 I [ENGINE]         : resp : (200) {"general":{"value":{"isCommissioned":true,"deviceSerial":"SS9220000222222","deviceToken":"HarfpWD6x3nGlmg97FEGksouT4LFShnI","bt_timeout":5,"is_bt_enabled":false,"acquisition_interval":15,"send_interval":15,"config_interval":5,"firmware_interval":5,"equipment_id":75,"config_ts":"2024-05-16T10:54:50.417253Z"}}}SHA256:882B9B31D061F705BF2C269667F8036B0199E113A44A2D401EC2E50DF392E62A
2024-05-16 11:20:10 I [ENGINE]         : url  : https://stage.deepgrid.eneida.io/api/v3/devices/ingrid/HarfpWD6x3nGlmg97FEGksouT4LFShnI/statefield
2024-05-16 11:20:10 I [ENGINE]         : body : {"config_ts":"2024-05-16T10:54:50.417253Z"}
2024-05-16 11:20:11 I [ENGINE]         : resp : (200) {"general":{"value":{"isCommissioned":true,"deviceSerial":"SS9220000222222","deviceToken":"HarfpWD6x3nGlmg97FEGksouT4LFShnI","bt_timeout":5,"is_bt_enabled":false,"acquisition_interval":15,"send_interval":15,"config_interval":5,"firmware_interval":5,"equipment_id":75,"config_ts":"2024-05-16T10:54:50.417253Z"}}}SHA256:882B9B31D061F705BF2C269667F8036B0199E113A44A2D401EC2E50DF392E62A
2024-05-16 11:25:10 I [ENGINE]         : url  : https://stage.deepgrid.eneida.io/api/v3/devices/ingrid/HarfpWD6x3nGlmg97FEGksouT4LFShnI/statefield
2024-05-16 11:25:10 I [ENGINE]         : body : {"config_ts":"2024-05-16T10:54:50.417253Z"}
2024-05-16 11:25:11 I [ENGINE]         : resp : (200) {"general":{"value":{"isCommissioned":true,"deviceSerial":"SS9220000222222","deviceToken":"HarfpWD6x3nGlmg97FEGksouT4LFShnI","bt_timeout":5,"is_bt_enabled":false,"acquisition_interval":15,"send_interval":15,"config_interval":5,"firmware_interval":5,"equipment_id":75,"config_ts":"2024-05-16T10:54:50.417253Z"}}}SHA256:882B9B31D061F705BF2C269667F8036B0199E113A44A2D401EC2E50DF392E62A
2024-05-16 11:30:10 I [ENGINE]         : url  : https://stage.deepgrid.eneida.io/api/v3/devices/ingrid/HarfpWD6x3nGlmg97FEGksouT4LFShnI/statefield
2024-05-16 11:30:10 I [ENGINE]         : body : {"config_ts":"2024-05-16T10:54:50.417253Z"}
2024-05-16 11:30:11 I [ENGINE]         : resp : (200) {"general":{"value":{"isCommissioned":true,"deviceSerial":"SS9220000222222","deviceToken":"HarfpWD6x3nGlmg97FEGksouT4LFShnI","bt_timeout":5,"is_bt_enabled":false,"acquisition_interval":15,"send_interval":15,"config_interval":5,"firmware_interval":5,"equipment_id":75,"config_ts":"2024-05-16T10:54:50.417253Z"}}}SHA256:882B9B31D061F705BF2C269667F8036B0199E113A44A2D401EC2E50DF392E62A
2024-05-16 11:35:10 I [ENGINE]         : url  : https://stage.deepgrid.eneida.io/api/v3/devices/ingrid/HarfpWD6x3nGlmg97FEGksouT4LFShnI/statefield
2024-05-16 11:35:10 I [ENGINE]         : body : {"config_ts":"2024-05-16T10:54:50.417253Z"}
2024-05-16 11:35:11 I [ENGINE]         : resp : (200) {"general":{"value":{"isCommissioned":true,"deviceSerial":"SS9220000222222","deviceToken":"HarfpWD6x3nGlmg97FEGksouT4LFShnI","bt_timeout":5,"is_bt_enabled":false,"acquisition_interval":15,"send_interval":15,"config_interval":5,"firmware_interval":5,"equipment_id":75,"config_ts":"2024-05-16T10:54:50.417253Z"}}}SHA256:882B9B31D061F705BF2C269667F8036B0199E113A44A2D401EC2E50DF392E62A
2024-05-16 11:40:10 I [ENGINE]         : url  : https://stage.deepgrid.eneida.io/api/v3/devices/ingrid/HarfpWD6x3nGlmg97FEGksouT4LFShnI/statefield
2024-05-16 11:40:10 I [ENGINE]         : body : {"config_ts":"2024-05-16T10:54:50.417253Z"}
2024-05-16 11:40:11 I [ENGINE]         : resp : (200) {"general":{"value":{"isCommissioned":true,"deviceSerial":"SS9220000222222","deviceToken":"HarfpWD6x3nGlmg97FEGksouT4LFShnI","bt_timeout":5,"is_bt_enabled":false,"acquisition_interval":15,"send_interval":15,"config_interval":5,"firmware_interval":5,"equipment_id":75,"config_ts":"2024-05-16T10:54:50.417253Z"}}}SHA256:882B9B31D061F705BF2C269667F8036B0199E113A44A2D401EC2E50DF392E62A
2024-05-16 11:45:11 I [ENGINE]         : url  : https://stage.deepgrid.eneida.io/api/v3/devices/ingrid/HarfpWD6x3nGlmg97FEGksouT4LFShnI/statefield
2024-05-16 11:45:11 I [ENGINE]         : body : {"config_ts":"2024-05-16T10:54:50.417253Z"}
2024-05-16 11:45:11 I [ENGINE]         : resp : (200) {"general":{"value":{"isCommissioned":true,"deviceSerial":"SS9220000222222","deviceToken":"HarfpWD6x3nGlmg97FEGksouT4LFShnI","bt_timeout":5,"is_bt_enabled":false,"acquisition_interval":15,"send_interval":15,"config_interval":5,"firmware_interval":5,"equipment_id":75,"config_ts":"2024-05-16T10:54:50.417253Z"}}}SHA256:882B9B31D061F705BF2C269667F8036B0199E113A44A2D401EC2E50DF392E62A
2024-05-16 11:50:10 I [ENGINE]         : url  : https://stage.deepgrid.eneida.io/api/v3/devices/ingrid/HarfpWD6x3nGlmg97FEGksouT4LFShnI/statefield
2024-05-16 11:50:10 I [ENGINE]         : body : {"config_ts":"2024-05-16T10:54:50.417253Z"}
2024-05-16 11:50:11 I [ENGINE]         : resp : (200) {"general":{"value":{"isCommissioned":true,"deviceSerial":"SS9220000222222","deviceToken":"HarfpWD6x3nGlmg97FEGksouT4LFShnI","bt_timeout":5,"is_bt_enabled":false,"acquisition_interval":15,"send_interval":15,"config_interval":5,"firmware_interval":5,"equipment_id":75,"config_ts":"2024-05-16T10:54:50.417253Z"}}}SHA256:882B9B31D061F705BF2C269667F8036B0199E113A44A2D401EC2E50DF392E62A
2024-05-16 11:55:10 I [ENGINE]         : url  : https://stage.deepgrid.eneida.io/api/v3/devices/ingrid/HarfpWD6x3nGlmg97FEGksouT4LFShnI/statefield
2024-05-16 11:55:10 I [ENGINE]         : body : {"config_ts":"2024-05-16T10:54:50.417253Z"}
2024-05-16 11:55:11 I [ENGINE]         : resp : (200) {"general":{"value":{"isCommissioned":true,"deviceSerial":"SS9220000222222","deviceToken":"HarfpWD6x3nGlmg97FEGksouT4LFShnI","bt_timeout":5,"is_bt_enabled":false,"acquisition_interval":15,"send_interval":15,"config_interval":5,"firmware_interval":5,"equipment_id":75,"config_ts":"2024-05-16T10:54:50.417253Z"}}}SHA256:882B9B31D061F705BF2C269667F8036B0199E113A44A2D401EC2E50DF392E62A
2024-05-16 12:00:10 I [ENGINE]         : url  : https://stage.deepgrid.eneida.io/api/v3/devices/ingrid/HarfpWD6x3nGlmg97FEGksouT4LFShnI/statefield
2024-05-16 12:00:10 I [ENGINE]         : body : {"config_ts":"2024-05-16T10:54:50.417253Z"}
2024-05-16 12:00:10 I [ENGINE]         : resp : (200) {"general":{"value":{"isCommissioned":true,"deviceSerial":"SS9220000222222","deviceToken":"HarfpWD6x3nGlmg97FEGksouT4LFShnI","bt_timeout":5,"is_bt_enabled":false,"acquisition_interval":15,"send_interval":15,"config_interval":5,"firmware_interval":5,"equipment_id":75,"config_ts":"2024-05-16T10:54:50.417253Z"}}}SHA256:882B9B31D061F705BF2C269667F8036B0199E113A44A2D401EC2E50DF392E62A
2024-05-16 12:05:10 I [ENGINE]         : url  : https://stage.deepgrid.eneida.io/api/v3/devices/ingrid/HarfpWD6x3nGlmg97FEGksouT4LFShnI/statefield
2024-05-16 12:05:10 I [ENGINE]         : body : {"config_ts":"2024-05-16T10:54:50.417253Z"}
2024-05-16 12:05:11 I [ENGINE]         : resp : (200) {"general":{"value":{"isCommissioned":true,"deviceSerial":"SS9220000222222","deviceToken":"HarfpWD6x3nGlmg97FEGksouT4LFShnI","bt_timeout":5,"is_bt_enabled":false,"acquisition_interval":15,"send_interval":15,"config_interval":5,"firmware_interval":5,"equipment_id":75,"config_ts":"2024-05-16T10:54:50.417253Z"}}}SHA256:882B9B31D061F705BF2C269667F8036B0199E113A44A2D401EC2E50DF392E62A
2024-05-16 12:10:10 I [ENGINE]         : url  : https://stage.deepgrid.eneida.io/api/v3/devices/ingrid/HarfpWD6x3nGlmg97FEGksouT4LFShnI/statefield
2024-05-16 12:10:10 I [ENGINE]         : body : {"config_ts":"2024-05-16T10:54:50.417253Z"}
2024-05-16 12:10:10 I [ENGINE]         : resp : (200) {"general":{"value":{"isCommissioned":true,"deviceSerial":"SS9220000222222","deviceToken":"HarfpWD6x3nGlmg97FEGksouT4LFShnI","bt_timeout":5,"is_bt_enabled":false,"acquisition_interval":15,"send_interval":15,"config_interval":5,"firmware_interval":5,"equipment_id":75,"config_ts":"2024-05-16T10:54:50.417253Z"}}}SHA256:882B9B31D061F705BF2C269667F8036B0199E113A44A2D401EC2E50DF392E62A
2024-05-16 12:15:11 I [ENGINE]         : url  : https://stage.deepgrid.eneida.io/api/v3/devices/ingrid/HarfpWD6x3nGlmg97FEGksouT4LFShnI/statefield
2024-05-16 12:15:11 I [ENGINE]         : body : {"config_ts":"2024-05-16T10:54:50.417253Z"}
2024-05-16 12:15:11 I [ENGINE]         : resp : (200) {"general":{"value":{"isCommissioned":true,"deviceSerial":"SS9220000222222","deviceToken":"HarfpWD6x3nGlmg97FEGksouT4LFShnI","bt_timeout":5,"is_bt_enabled":false,"acquisition_interval":15,"send_interval":15,"config_interval":5,"firmware_interval":5,"equipment_id":75,"config_ts":"2024-05-16T10:54:50.417253Z"}}}SHA256:882B9B31D061F705BF2C269667F8036B0199E113A44A2D401EC2E50DF392E62A
2024-05-16 12:20:10 I [ENGINE]         : url  : https://stage.deepgrid.eneida.io/api/v3/devices/ingrid/HarfpWD6x3nGlmg97FEGksouT4LFShnI/statefield
2024-05-16 12:20:10 I [ENGINE]         : body : {"config_ts":"2024-05-16T10:54:50.417253Z"}
2024-05-16 12:20:10 I [ENGINE]         : resp : (200) {"general":{"value":{"isCommissioned":true,"deviceSerial":"SS9220000222222","deviceToken":"HarfpWD6x3nGlmg97FEGksouT4LFShnI","bt_timeout":5,"is_bt_enabled":false,"acquisition_interval":15,"send_interval":15,"config_interval":5,"firmware_interval":5,"equipment_id":75,"config_ts":"2024-05-16T10:54:50.417253Z"}}}SHA256:882B9B31D061F705BF2C269667F8036B0199E113A44A2D401EC2E50DF392E62A
2024-05-16 12:25:10 I [ENGINE]         : url  : https://stage.deepgrid.eneida.io/api/v3/devices/ingrid/HarfpWD6x3nGlmg97FEGksouT4LFShnI/statefield
2024-05-16 12:25:10 I [ENGINE]         : body : {"config_ts":"2024-05-16T10:54:50.417253Z"}
2024-05-16 12:25:11 I [ENGINE]         : resp : (200) {"general":{"value":{"isCommissioned":true,"deviceSerial":"SS9220000222222","deviceToken":"HarfpWD6x3nGlmg97FEGksouT4LFShnI","bt_timeout":5,"is_bt_enabled":false,"acquisition_interval":15,"send_interval":15,"config_interval":5,"firmware_interval":5,"equipment_id":75,"config_ts":"2024-05-16T10:54:50.417253Z"}}}SHA256:882B9B31D061F705BF2C269667F8036B0199E113A44A2D401EC2E50DF392E62A
2024-05-16 12:30:10 I [ENGINE]         : url  : https://stage.deepgrid.eneida.io/api/v3/devices/ingrid/HarfpWD6x3nGlmg97FEGksouT4LFShnI/statefield
2024-05-16 12:30:10 I [ENGINE]         : body : {"config_ts":"2024-05-16T10:54:50.417253Z"}
2024-05-16 12:30:11 I [ENGINE]         : resp : (200) {"general":{"value":{"isCommissioned":true,"deviceSerial":"SS9220000222222","deviceToken":"HarfpWD6x3nGlmg97FEGksouT4LFShnI","bt_timeout":5,"is_bt_enabled":false,"acquisition_interval":15,"send_interval":15,"config_interval":5,"firmware_interval":5,"equipment_id":75,"config_ts":"2024-05-16T10:54:50.417253Z"}}}SHA256:882B9B31D061F705BF2C269667F8036B0199E113A44A2D401EC2E50DF392E62A
2024-05-16 12:35:10 I [ENGINE]         : url  : https://stage.deepgrid.eneida.io/api/v3/devices/ingrid/HarfpWD6x3nGlmg97FEGksouT4LFShnI/statefield
2024-05-16 12:35:10 I [ENGINE]         : body : {"config_ts":"2024-05-16T10:54:50.417253Z"}
2024-05-16 12:35:11 I [ENGINE]         : resp : (200) {"general":{"value":{"isCommissioned":true,"deviceSerial":"SS9220000222222","deviceToken":"HarfpWD6x3nGlmg97FEGksouT4LFShnI","bt_timeout":5,"is_bt_enabled":false,"acquisition_interval":15,"send_interval":15,"config_interval":5,"firmware_interval":5,"equipment_id":75,"config_ts":"2024-05-16T10:54:50.417253Z"}}}SHA256:882B9B31D061F705BF2C269667F8036B0199E113A44A2D401EC2E50DF392E62A
2024-05-16 12:40:10 I [ENGINE]         : url  : https://stage.deepgrid.eneida.io/api/v3/devices/ingrid/HarfpWD6x3nGlmg97FEGksouT4LFShnI/statefield
2024-05-16 12:40:10 I [ENGINE]         : body : {"config_ts":"2024-05-16T10:54:50.417253Z"}
2024-05-16 12:40:11 I [ENGINE]         : resp : (200) {"general":{"value":{"isCommissioned":true,"deviceSerial":"SS9220000222222","deviceToken":"HarfpWD6x3nGlmg97FEGksouT4LFShnI","bt_timeout":5,"is_bt_enabled":false,"acquisition_interval":15,"send_interval":15,"config_interval":5,"firmware_interval":5,"equipment_id":75,"config_ts":"2024-05-16T10:54:50.417253Z"}}}SHA256:882B9B31D061F705BF2C269667F8036B0199E113A44A2D401EC2E50DF392E62A
2024-05-16 12:45:10 I [ENGINE]         : url  : https://stage.deepgrid.eneida.io/api/v3/devices/ingrid/HarfpWD6x3nGlmg97FEGksouT4LFShnI/statefield
2024-05-16 12:45:10 I [ENGINE]         : body : {"config_ts":"2024-05-16T10:54:50.417253Z"}
2024-05-16 12:45:10 I [ENGINE]         : resp : (200) {"general":{"value":{"isCommissioned":true,"deviceSerial":"SS9220000222222","deviceToken":"HarfpWD6x3nGlmg97FEGksouT4LFShnI","bt_timeout":5,"is_bt_enabled":false,"acquisition_interval":15,"send_interval":15,"config_interval":5,"firmware_interval":5,"equipment_id":75,"config_ts":"2024-05-16T10:54:50.417253Z"}}}SHA256:882B9B31D061F705BF2C269667F8036B0199E113A44A2D401EC2E50DF392E62A
2024-05-16 12:50:10 I [ENGINE]         : url  : https://stage.deepgrid.eneida.io/api/v3/devices/ingrid/HarfpWD6x3nGlmg97FEGksouT4LFShnI/statefield
2024-05-16 12:50:10 I [ENGINE]         : body : {"config_ts":"2024-05-16T10:54:50.417253Z"}
2024-05-16 12:50:11 I [ENGINE]         : resp : (200) {"general":{"value":{"isCommissioned":true,"deviceSerial":"SS9220000222222","deviceToken":"HarfpWD6x3nGlmg97FEGksouT4LFShnI","bt_timeout":5,"is_bt_enabled":false,"acquisition_interval":15,"send_interval":15,"config_interval":5,"firmware_interval":5,"equipment_id":75,"config_ts":"2024-05-16T10:54:50.417253Z"}}}SHA256:882B9B31D061F705BF2C269667F8036B0199E113A44A2D401EC2E50DF392E62A
2024-05-16 13:29:00 I [ENGINE]         : url  : https://stage.deepgrid.eneida.io/api/v3/devices/ingrid/HarfpWD6x3nGlmg97FEGksouT4LFShnI/statefield
2024-05-16 13:30:10 I [ENGINE]         : url  : https://stage.deepgrid.eneida.io/api/v3/devices/ingrid/HarfpWD6x3nGlmg97FEGksouT4LFShnI/statefield
2024-05-16 13:30:11 I [ENGINE]         : resp : (200) {"general":{"value":{"isCommissioned":true,"deviceSerial":"SS9220000222222","deviceToken":"HarfpWD6x3nGlmg97FEGksouT4LFShnI","bt_timeout":5,"is_bt_enabled":false,"acquisition_interval":15,"send_interval":15,"config_interval":5,"firmware_interval":5,"equipment_id":75,"config_ts":"2024-05-16T13:29:27.795767Z"}}}SHA256:CA127B3BDB0D8FAE5CA496AFAFFD35BBC08859E5DED339D71DB554ADF0BF41D7
2024-05-16 13:44:27 I [ENGINE]         : url  : https://stage.deepgrid.eneida.io/api/v3/devices/ingrid/HarfpWD6x3nGlmg97FEGksouT4LFShnI/statefield
2024-05-16 13:45:08 I [ENGINE]         : url  : https://stage.deepgrid.eneida.io/api/v3/devices/ingrid/HarfpWD6x3nGlmg97FEGksouT4LFShnI/statefield
2024-05-16 13:45:09 I [ENGINE]         : resp : (200) {"general":{"value":{"isCommissioned":true,"deviceSerial":"SS9220000222222","deviceToken":"HarfpWD6x3nGlmg97FEGksouT4LFShnI","bt_timeout":5,"is_bt_enabled":false,"acquisition_interval":10,"send_interval":10,"config_interval":5,"firmware_interval":5,"equipment_id":75,"config_ts":"2024-05-16T13:44:53.74235Z"}}}SHA256:C3ED9264BFCBCEE592FFC96AA51BCA0058F069220978C270F68D4DF926DEDF6F
2024-05-16 13:50:10 I [ENGINE]         : url  : https://stage.deepgrid.eneida.io/api/v3/devices/ingrid/HarfpWD6x3nGlmg97FEGksouT4LFShnI/statefield
2024-05-16 13:50:10 I [ENGINE]         : body : {"config_ts":"2024-05-16T13:44:53.74235Z"}
2024-05-16 13:50:11 I [ENGINE]         : resp : (200) {"general":{"value":{"isCommissioned":true,"deviceSerial":"SS9220000222222","deviceToken":"HarfpWD6x3nGlmg97FEGksouT4LFShnI","bt_timeout":5,"is_bt_enabled":false,"acquisition_interval":10,"send_interval":10,"config_interval":5,"firmware_interval":5,"equipment_id":75,"config_ts":"2024-05-16T13:44:53.74235Z"}}}SHA256:C3ED9264BFCBCEE592FFC96AA51BCA0058F069220978C270F68D4DF926DEDF6F
2024-05-16 13:59:12 I [ENGINE]         : url  : https://stage.deepgrid.eneida.io/api/v3/devices/ingrid/HarfpWD6x3nGlmg97FEGksouT4LFShnI/statefield
2024-05-16 14:00:10 I [ENGINE]         : url  : https://stage.deepgrid.eneida.io/api/v3/devices/ingrid/HarfpWD6x3nGlmg97FEGksouT4LFShnI/statefield
2024-05-16 14:00:11 I [ENGINE]         : resp : (200) {"general":{"value":{"isCommissioned":true,"deviceSerial":"SS9220000222222","deviceToken":"HarfpWD6x3nGlmg97FEGksouT4LFShnI","bt_timeout":5,"is_bt_enabled":false,"acquisition_interval":60,"send_interval":60,"config_interval":5,"firmware_interval":5,"equipment_id":75,"config_ts":"2024-05-16T13:59:35.372961Z"}}}SHA256:F0DDCC4B0A0D811A19F126AE7973F48341950C781D5BD08FE027E5D33188D0DC
2024-05-16 14:05:10 I [ENGINE]         : url  : https://stage.deepgrid.eneida.io/api/v3/devices/ingrid/HarfpWD6x3nGlmg97FEGksouT4LFShnI/statefield
2024-05-16 14:05:10 I [ENGINE]         : body : {"config_ts":"2024-05-16T13:59:35.372961Z"}
2024-05-16 14:05:11 I [ENGINE]         : resp : (200) {"general":{"value":{"isCommissioned":true,"deviceSerial":"SS9220000222222","deviceToken":"HarfpWD6x3nGlmg97FEGksouT4LFShnI","bt_timeout":5,"is_bt_enabled":false,"acquisition_interval":60,"send_interval":60,"config_interval":5,"firmware_interval":5,"equipment_id":75,"config_ts":"2024-05-16T13:59:35.372961Z"}}}SHA256:F0DDCC4B0A0D811A19F126AE7973F48341950C781D5BD08FE027E5D33188D0DC
2024-05-16 14:10:10 I [ENGINE]         : url  : https://stage.deepgrid.eneida.io/api/v3/devices/ingrid/HarfpWD6x3nGlmg97FEGksouT4LFShnI/statefield
2024-05-16 14:10:10 I [ENGINE]         : body : {"config_ts":"2024-05-16T13:59:35.372961Z"}
2024-05-16 14:10:10 I [ENGINE]         : resp : (200) {"general":{"value":{"isCommissioned":true,"deviceSerial":"SS9220000222222","deviceToken":"HarfpWD6x3nGlmg97FEGksouT4LFShnI","bt_timeout":5,"is_bt_enabled":false,"acquisition_interval":60,"send_interval":60,"config_interval":5,"firmware_interval":5,"equipment_id":75,"config_ts":"2024-05-16T13:59:35.372961Z"}}}SHA256:F0DDCC4B0A0D811A19F126AE7973F48341950C781D5BD08FE027E5D33188D0DC
2024-05-16 14:23:04 I [ENGINE]         : url  : https://stage.deepgrid.eneida.io/api/v3/devices/ingrid/HarfpWD6x3nGlmg97FEGksouT4LFShnI/statefield
2024-05-16 14:25:10 I [ENGINE]         : url  : https://stage.deepgrid.eneida.io/api/v3/devices/ingrid/HarfpWD6x3nGlmg97FEGksouT4LFShnI/statefield
2024-05-16 14:25:11 I [ENGINE]         : resp : (200) {"general":{"value":{"isCommissioned":true,"deviceSerial":"SS9220000222222","deviceToken":"HarfpWD6x3nGlmg97FEGksouT4LFShnI","bt_timeout":5,"is_bt_enabled":false,"acquisition_interval":10,"send_interval":10,"config_interval":5,"firmware_interval":5,"equipment_id":75,"config_ts":"2024-05-16T14:23:34.248713Z"}}}SHA256:B85A9EF622AD09865ADC60373EE3FC8ABBFC7478885A9F8AB1BA68963BA332B9
2024-05-16 14:30:23 I [ENGINE]         : url  : https://stage.deepgrid.eneida.io/api/v3/devices/ingrid/HarfpWD6x3nGlmg97FEGksouT4LFShnI/statefield
2024-05-16 14:31:02 I [ENGINE]         : url  : https://stage.deepgrid.eneida.io/api/v3/devices/ingrid/HarfpWD6x3nGlmg97FEGksouT4LFShnI/statefield
2024-05-16 14:31:03 I [ENGINE]         : resp : (200) {"general":{"value":{"isCommissioned":true,"deviceSerial":"SS9220000222222","deviceToken":"HarfpWD6x3nGlmg97FEGksouT4LFShnI","bt_timeout":5,"is_bt_enabled":false,"acquisition_interval":120,"send_interval":120,"config_interval":5,"firmware_interval":5,"equipment_id":75,"config_ts":"2024-05-16T14:30:48.293371Z"}}}SHA256:2A5A095B9A43D57857248B26F64E56B5403682DBDB6865F56BB0D7FA12C10036
2024-05-16 14:35:10 I [ENGINE]         : url  : https://stage.deepgrid.eneida.io/api/v3/devices/ingrid/HarfpWD6x3nGlmg97FEGksouT4LFShnI/statefield
2024-05-16 14:35:10 I [ENGINE]         : body : {"config_ts":"2024-05-16T14:30:48.293371Z"}
2024-05-16 14:35:11 I [ENGINE]         : resp : (200) {"general":{"value":{"isCommissioned":true,"deviceSerial":"SS9220000222222","deviceToken":"HarfpWD6x3nGlmg97FEGksouT4LFShnI","bt_timeout":5,"is_bt_enabled":false,"acquisition_interval":120,"send_interval":120,"config_interval":5,"firmware_interval":5,"equipment_id":75,"config_ts":"2024-05-16T14:30:48.293371Z"}}}SHA256:2A5A095B9A43D57857248B26F64E56B5403682DBDB6865F56BB0D7FA12C10036
2024-05-16 14:40:10 I [ENGINE]         : url  : https://stage.deepgrid.eneida.io/api/v3/devices/ingrid/HarfpWD6x3nGlmg97FEGksouT4LFShnI/statefield
2024-05-16 14:40:10 I [ENGINE]         : body : {"config_ts":"2024-05-16T14:30:48.293371Z"}
2024-05-16 14:40:11 I [ENGINE]         : resp : (200) {"general":{"value":{"isCommissioned":true,"deviceSerial":"SS9220000222222","deviceToken":"HarfpWD6x3nGlmg97FEGksouT4LFShnI","bt_timeout":5,"is_bt_enabled":false,"acquisition_interval":120,"send_interval":120,"config_interval":5,"firmware_interval":5,"equipment_id":75,"config_ts":"2024-05-16T14:30:48.293371Z"}}}SHA256:2A5A095B9A43D57857248B26F64E56B5403682DBDB6865F56BB0D7FA12C10036
2024-05-16 14:45:10 I [ENGINE]         : url  : https://stage.deepgrid.eneida.io/api/v3/devices/ingrid/HarfpWD6x3nGlmg97FEGksouT4LFShnI/statefield
2024-05-16 14:45:10 I [ENGINE]         : body : {"config_ts":"2024-05-16T14:30:48.293371Z"}
2024-05-16 14:45:11 I [ENGINE]         : resp : (200) {"general":{"value":{"isCommissioned":true,"deviceSerial":"SS9220000222222","deviceToken":"HarfpWD6x3nGlmg97FEGksouT4LFShnI","bt_timeout":5,"is_bt_enabled":false,"acquisition_interval":120,"send_interval":120,"config_interval":5,"firmware_interval":5,"equipment_id":75,"config_ts":"2024-05-16T14:30:48.293371Z"}}}SHA256:2A5A095B9A43D57857248B26F64E56B5403682DBDB6865F56BB0D7FA12C10036
2024-05-16 14:50:10 I [ENGINE]         : url  : https://stage.deepgrid.eneida.io/api/v3/devices/ingrid/HarfpWD6x3nGlmg97FEGksouT4LFShnI/statefield
2024-05-16 14:50:10 I [ENGINE]         : body : {"config_ts":"2024-05-16T14:30:48.293371Z"}
2024-05-16 14:50:10 I [ENGINE]         : resp : (200) {"general":{"value":{"isCommissioned":true,"deviceSerial":"SS9220000222222","deviceToken":"HarfpWD6x3nGlmg97FEGksouT4LFShnI","bt_timeout":5,"is_bt_enabled":false,"acquisition_interval":120,"send_interval":120,"config_interval":5,"firmware_interval":5,"equipment_id":75,"config_ts":"2024-05-16T14:30:48.293371Z"}}}SHA256:2A5A095B9A43D57857248B26F64E56B5403682DBDB6865F56BB0D7FA12C10036
2024-05-16 14:55:10 I [ENGINE]         : url  : https://stage.deepgrid.eneida.io/api/v3/devices/ingrid/HarfpWD6x3nGlmg97FEGksouT4LFShnI/statefield
2024-05-16 14:55:10 I [ENGINE]         : body : {"config_ts":"2024-05-16T14:30:48.293371Z"}
2024-05-16 14:55:11 I [ENGINE]         : resp : (200) {"general":{"value":{"isCommissioned":true,"deviceSerial":"SS9220000222222","deviceToken":"HarfpWD6x3nGlmg97FEGksouT4LFShnI","bt_timeout":5,"is_bt_enabled":false,"acquisition_interval":120,"send_interval":120,"config_interval":5,"firmware_interval":5,"equipment_id":75,"config_ts":"2024-05-16T14:30:48.293371Z"}}}SHA256:2A5A095B9A43D57857248B26F64E56B5403682DBDB6865F56BB0D7FA12C10036
2024-05-16 15:00:10 I [ENGINE]         : url  : https://stage.deepgrid.eneida.io/api/v3/devices/ingrid/HarfpWD6x3nGlmg97FEGksouT4LFShnI/statefield
2024-05-16 15:00:10 I [ENGINE]         : body : {"config_ts":"2024-05-16T14:30:48.293371Z"}
2024-05-16 15:00:11 I [ENGINE]         : resp : (200) {"general":{"value":{"isCommissioned":true,"deviceSerial":"SS9220000222222","deviceToken":"HarfpWD6x3nGlmg97FEGksouT4LFShnI","bt_timeout":5,"is_bt_enabled":false,"acquisition_interval":120,"send_interval":120,"config_interval":5,"firmware_interval":5,"equipment_id":75,"config_ts":"2024-05-16T14:30:48.293371Z"}}}SHA256:2A5A095B9A43D57857248B26F64E56B5403682DBDB6865F56BB0D7FA12C10036
2024-05-16 15:12:14 I [ENGINE]         : url  : https://stage.deepgrid.eneida.io/api/v3/devices/ingrid/HarfpWD6x3nGlmg97FEGksouT4LFShnI/statefield
2024-05-16 15:15:10 I [ENGINE]         : url  : https://stage.deepgrid.eneida.io/api/v3/devices/ingrid/HarfpWD6x3nGlmg97FEGksouT4LFShnI/statefield
2024-05-16 15:15:11 I [ENGINE]         : resp : (200) {"general":{"value":{"isCommissioned":true,"deviceSerial":"SS9220000222222","deviceToken":"HarfpWD6x3nGlmg97FEGksouT4LFShnI","bt_timeout":5,"is_bt_enabled":false,"acquisition_interval":240,"send_interval":240,"config_interval":5,"firmware_interval":5,"equipment_id":75,"config_ts":"2024-05-16T15:12:39.364429Z"}}}SHA256:5D0E0053574137E6243CBAF3801DF3A651E2B908960C46A6FBDF4B5046547F47
2024-05-16 15:20:10 I [ENGINE]         : url  : https://stage.deepgrid.eneida.io/api/v3/devices/ingrid/HarfpWD6x3nGlmg97FEGksouT4LFShnI/statefield
2024-05-16 15:20:10 I [ENGINE]         : body : {"config_ts":"2024-05-16T15:12:39.364429Z"}
2024-05-16 15:20:11 I [ENGINE]         : resp : (200) {"general":{"value":{"isCommissioned":true,"deviceSerial":"SS9220000222222","deviceToken":"HarfpWD6x3nGlmg97FEGksouT4LFShnI","bt_timeout":5,"is_bt_enabled":false,"acquisition_interval":240,"send_interval":240,"config_interval":5,"firmware_interval":5,"equipment_id":75,"config_ts":"2024-05-16T15:12:39.364429Z"}}}SHA256:5D0E0053574137E6243CBAF3801DF3A651E2B908960C46A6FBDF4B5046547F47
2024-05-16 15:28:09 I [ENGINE]         : url  : https://stage.deepgrid.eneida.io/api/v3/devices/ingrid/HarfpWD6x3nGlmg97FEGksouT4LFShnI/statefield
2024-05-16 15:30:10 I [ENGINE]         : url  : https://stage.deepgrid.eneida.io/api/v3/devices/ingrid/HarfpWD6x3nGlmg97FEGksouT4LFShnI/statefield
2024-05-16 15:30:11 I [ENGINE]         : resp : (200) {"general":{"value":{"isCommissioned":true,"deviceSerial":"SS9220000222222","deviceToken":"HarfpWD6x3nGlmg97FEGksouT4LFShnI","bt_timeout":5,"is_bt_enabled":false,"acquisition_interval":30,"send_interval":30,"config_interval":5,"firmware_interval":5,"equipment_id":75,"config_ts":"2024-05-16T15:28:32.531429Z"}}}SHA256:B6121531F60BC123CE2E9B693EA8CA191DE5E0016A254549E93B9C496F711C98
2024-05-16 15:35:10 I [ENGINE]         : url  : https://stage.deepgrid.eneida.io/api/v3/devices/ingrid/HarfpWD6x3nGlmg97FEGksouT4LFShnI/statefield
2024-05-16 15:35:10 I [ENGINE]         : body : {"config_ts":"2024-05-16T15:28:32.531429Z"}
2024-05-16 15:35:11 I [ENGINE]         : resp : (200) {"general":{"value":{"isCommissioned":true,"deviceSerial":"SS9220000222222","deviceToken":"HarfpWD6x3nGlmg97FEGksouT4LFShnI","bt_timeout":5,"is_bt_enabled":false,"acquisition_interval":30,"send_interval":30,"config_interval":5,"firmware_interval":5,"equipment_id":75,"config_ts":"2024-05-16T15:28:32.531429Z"}}}SHA256:B6121531F60BC123CE2E9B693EA8CA191DE5E0016A254549E93B9C496F711C98
